INFO: latexindent.pl version 3.5.3, 2018-10-13, a script to indent .tex files
      latexindent.pl lives here: C:/Program Files/MiKTex/scripts/latexindent/
      Wed Oct 23 14:18:26 2019
      Filename: c:/Users/micha/OneDrive/AResource/web/michaelvll.github.io/_bibliography/__latexindent_temp.tex
INFO: Processing switches:
      -y|--yaml: YAML settings specified via command line
      -c|--cruft: cruft directory
INFO: Directory for backup files and c:/Users/micha/OneDrive/AResource/web/michaelvll.github.io/_bibliography/indent.log: c:/Users/micha/OneDrive/AResource/web/michaelvll.github.io/_bibliography/
INFO: Perl modules are being loaded from the following directories:
      C:/Perl64/lib/FindBin.pm
      C:/Perl64/site/lib/YAML/Tiny.pm
      C:/Perl64/lib/File/Copy.pm
      C:/Perl64/lib/File/Basename.pm
      C:/Perl64/lib/Getopt/Long.pm
      C:/Perl64/lib/File/HomeDir.pm
      C:/Perl64/site/lib/Unicode/GCString.pm
      C:/Perl64/site/lib/Log/Log4perl.pm
INFO: Latex Indent perl modules are being loaded from, for example:
      C:/Program Files/MiKTex/scripts/latexindent/LatexIndent/Document.pm
INFO: YAML settings read: defaultSettings.yaml
      Reading defaultSettings.yaml from C:/Program Files/MiKTex/scripts/latexindent/defaultSettings.yaml
INFO: YAML settings read: indentconfig.yaml or .indentconfig.yaml
      Home directory is C:\Users\micha (didn't find either indentconfig.yaml or .indentconfig.yaml)
      To specify user settings you would put indentconfig.yaml here: C:\Users\micha/indentconfig.yaml
      Alternatively, you can use the hidden file .indentconfig.yaml as: C:\Users\micha/.indentconfig.yaml
INFO: YAML settings read: -y switch
      Updating masterSettings with defaultIndent:     
INFO: Phase 1: searching for objects
INFO: Phase 2: finding surrounding indentation
INFO: Phase 3: indenting objects
INFO: Phase 4: final indentation check
INFO: Output routine:
      Not outputting to file; see -w and -o switches for more options.
      --------------
INFO: Please direct all communication/issues to:
      https://github.com/cmhughes/latexindent.pl
